  HeapsAlgorithm.cpp
C:\Users\chrys\source\repos\dsABCs\HeapsAlgorithm.cpp(26,40): error C2672: 'begin': no matching overloaded function found
C:\Program Files\Microsoft Visual Studio\2022\Community\VC\Tools\MSVC\14.36.32532\include\xutility(1612,27): message : could be '_Ty *std::begin(_Ty (&)[_Size]) noexcept'
C:\Users\chrys\source\repos\dsABCs\HeapsAlgorithm.cpp(26,40): message : '_Ty *std::begin(_Ty (&)[_Size]) noexcept': could not deduce template argument for '_Ty (&)[_Size]' from 'std::set<std::string,std::less<std::string>,std::allocator<std::string>> *'
C:\Program Files\Microsoft Visual Studio\2022\Community\VC\Tools\MSVC\14.36.32532\include\xutility(1594,30): message : or       'unknown-type std::begin(const _Container &) noexcept(<expr>)'
C:\Users\chrys\source\repos\dsABCs\HeapsAlgorithm.cpp(26,40): message : Failed to specialize function template 'unknown-type std::begin(const _Container &) noexcept(<expr>)'
C:\Users\chrys\source\repos\dsABCs\HeapsAlgorithm.cpp(26,40): message : With the following template arguments:
C:\Users\chrys\source\repos\dsABCs\HeapsAlgorithm.cpp(26,40): message : '_Container=std::set<std::string,std::less<std::string>,std::allocator<std::string>> *'
C:\Program Files\Microsoft Visual Studio\2022\Community\VC\Tools\MSVC\14.36.32532\include\xutility(1588,30): message : or       'unknown-type std::begin(_Container &) noexcept(<expr>)'
C:\Users\chrys\source\repos\dsABCs\HeapsAlgorithm.cpp(26,40): message : Failed to specialize function template 'unknown-type std::begin(_Container &) noexcept(<expr>)'
C:\Users\chrys\source\repos\dsABCs\HeapsAlgorithm.cpp(26,40): message : With the following template arguments:
C:\Users\chrys\source\repos\dsABCs\HeapsAlgorithm.cpp(26,40): message : '_Container=std::set<std::string,std::less<std::string>,std::allocator<std::string>> *'
C:\Program Files\Microsoft Visual Studio\2022\Community\VC\Tools\MSVC\14.36.32532\include\initializer_list(55,35): message : or       'const _Elem *std::begin(std::initializer_list<_Elem>) noexcept'
C:\Users\chrys\source\repos\dsABCs\HeapsAlgorithm.cpp(26,40): message : 'const _Elem *std::begin(std::initializer_list<_Elem>) noexcept': could not deduce template argument for 'std::initializer_list<_Elem>' from 'std::set<std::string,std::less<std::string>,std::allocator<std::string>> *'
C:\Users\chrys\source\repos\dsABCs\HeapsAlgorithm.cpp(26,40): error C2672: 'end': no matching overloaded function found
C:\Program Files\Microsoft Visual Studio\2022\Community\VC\Tools\MSVC\14.36.32532\include\xutility(1617,27): message : could be '_Ty *std::end(_Ty (&)[_Size]) noexcept'
C:\Users\chrys\source\repos\dsABCs\HeapsAlgorithm.cpp(26,40): message : '_Ty *std::end(_Ty (&)[_Size]) noexcept': could not deduce template argument for '_Ty (&)[_Size]' from 'std::set<std::string,std::less<std::string>,std::allocator<std::string>> *'
C:\Program Files\Microsoft Visual Studio\2022\Community\VC\Tools\MSVC\14.36.32532\include\xutility(1606,30): message : or       'unknown-type std::end(const _Container &) noexcept(<expr>)'
C:\Users\chrys\source\repos\dsABCs\HeapsAlgorithm.cpp(26,40): message : Failed to specialize function template 'unknown-type std::end(const _Container &) noexcept(<expr>)'
C:\Users\chrys\source\repos\dsABCs\HeapsAlgorithm.cpp(26,40): message : With the following template arguments:
C:\Users\chrys\source\repos\dsABCs\HeapsAlgorithm.cpp(26,40): message : '_Container=std::set<std::string,std::less<std::string>,std::allocator<std::string>> *'
C:\Program Files\Microsoft Visual Studio\2022\Community\VC\Tools\MSVC\14.36.32532\include\xutility(1600,30): message : or       'unknown-type std::end(_Container &) noexcept(<expr>)'
C:\Users\chrys\source\repos\dsABCs\HeapsAlgorithm.cpp(26,40): message : Failed to specialize function template 'unknown-type std::end(_Container &) noexcept(<expr>)'
C:\Users\chrys\source\repos\dsABCs\HeapsAlgorithm.cpp(26,40): message : With the following template arguments:
C:\Users\chrys\source\repos\dsABCs\HeapsAlgorithm.cpp(26,40): message : '_Container=std::set<std::string,std::less<std::string>,std::allocator<std::string>> *'
C:\Program Files\Microsoft Visual Studio\2022\Community\VC\Tools\MSVC\14.36.32532\include\initializer_list(60,35): message : or       'const _Elem *std::end(std::initializer_list<_Elem>) noexcept'
C:\Users\chrys\source\repos\dsABCs\HeapsAlgorithm.cpp(26,40): message : 'const _Elem *std::end(std::initializer_list<_Elem>) noexcept': could not deduce template argument for 'std::initializer_list<_Elem>' from 'std::set<std::string,std::less<std::string>,std::allocator<std::string>> *'
C:\Users\chrys\source\repos\dsABCs\HeapsAlgorithm.cpp(26,49): error C3536: '<begin>$L0': cannot be used before it is initialized
C:\Users\chrys\source\repos\dsABCs\HeapsAlgorithm.cpp(26,49): error C3536: '<end>$L0': cannot be used before it is initialized
C:\Users\chrys\source\repos\dsABCs\HeapsAlgorithm.cpp(26,47): error C2100: illegal indirection
C:\Users\chrys\source\repos\dsABCs\HeapsAlgorithm.cpp(26,47): error C2440: 'initializing': cannot convert from 'int' to 'std::basic_string<char,std::char_traits<char>,std::allocator<char>>'
C:\Users\chrys\source\repos\dsABCs\HeapsAlgorithm.cpp(26,47): message : No constructor could take the source type, or constructor overload resolution was ambiguous
C:\Users\chrys\source\repos\dsABCs\HeapsAlgorithm.cpp(27,37): warning C4267: 'argument': conversion from 'size_t' to 'const int', possible loss of data
C:\Users\chrys\source\repos\dsABCs\HeapsAlgorithm.cpp(35,21): error C2065: 'newWord': undeclared identifier
C:\Users\chrys\source\repos\dsABCs\HeapsAlgorithm.cpp(36,21): error C2065: 'newWordScore': undeclared identifier
C:\Users\chrys\source\repos\dsABCs\HeapsAlgorithm.cpp(36,55): error C2065: 'newWord': undeclared identifier
C:\Users\chrys\source\repos\dsABCs\HeapsAlgorithm.cpp(37,36): error C2065: 'newWordScore': undeclared identifier
C:\Users\chrys\source\repos\dsABCs\HeapsAlgorithm.cpp(39,39): error C2065: 'newWordScore': undeclared identifier
C:\Users\chrys\source\repos\dsABCs\HeapsAlgorithm.cpp(42,30): error C2065: 'newWordScore': undeclared identifier
C:\Users\chrys\source\repos\dsABCs\HeapsAlgorithm.cpp(42,53): error C2065: 'newWord': undeclared identifier
C:\Users\chrys\source\repos\dsABCs\HeapsAlgorithm.cpp(56,17): error C2662: 'bool Dictionary::find(const std::string &)': cannot convert 'this' pointer from 'const Dictionary' to 'Dictionary &'
C:\Users\chrys\source\repos\dsABCs\HeapsAlgorithm.cpp(56,13): message : Conversion loses qualifiers
C:\Users\chrys\source\repos\dsABCs\Dictionary.h(26,10): message : see declaration of 'Dictionary::find'
C:\Users\chrys\source\repos\dsABCs\HeapsAlgorithm.cpp(56,17): message : while trying to match the argument list '(std::string)'
C:\Users\chrys\source\repos\dsABCs\HeapsAlgorithm.cpp(62,24): error C2065: 'length': undeclared identifier
  main.cpp
C:\Users\chrys\source\repos\dsABCs\main.cpp(37,63): warning C4244: 'argument': conversion from 'float' to 'unsigned int', possible loss of data
C:\Users\chrys\source\repos\dsABCs\main.cpp(37,56): warning C4244: 'argument': conversion from 'float' to 'unsigned int', possible loss of data
C:\Users\chrys\source\repos\dsABCs\main.cpp(147,66): warning C4244: 'argument': conversion from 'float' to 'unsigned int', possible loss of data
C:\Users\chrys\source\repos\dsABCs\main.cpp(147,59): warning C4244: 'argument': conversion from 'float' to 'unsigned int', possible loss of data
  Generating Code...
